{"/home/fkereki/MODERNJS/chapter05/out/restful_regions.js": {"path":"/home/fkereki/MODERNJS/chapter05/out/restful_regions.js","statementMap":{"0":{"start":{"line":4,"column":18},"end":{"line":63,"column":1}},"1":{"start":{"line":10,"column":4},"end":{"line":62,"column":5}},"2":{"start":{"line":11,"column":23},"end":{"line":11,"column":25}},"3":{"start":{"line":12,"column":8},"end":{"line":49,"column":9}},"4":{"start":{"line":13,"column":12},"end":{"line":19,"column":10}},"5":{"start":{"line":20,"column":15},"end":{"line":49,"column":9}},"6":{"start":{"line":21,"column":12},"end":{"line":25,"column":14}},"7":{"start":{"line":27,"column":30},"end":{"line":27,"column":58}},"8":{"start":{"line":28,"column":12},"end":{"line":30,"column":13}},"9":{"start":{"line":29,"column":16},"end":{"line":29,"column":65}},"10":{"start":{"line":32,"column":12},"end":{"line":39,"column":14}},"11":{"start":{"line":41,"column":12},"end":{"line":48,"column":14}},"12":{"start":{"line":51,"column":24},"end":{"line":51,"column":52}},"13":{"start":{"line":52,"column":8},"end":{"line":59,"column":9}},"14":{"start":{"line":53,"column":12},"end":{"line":56,"column":47}},"15":{"start":{"line":58,"column":12},"end":{"line":58,"column":46}},"16":{"start":{"line":61,"column":8},"end":{"line":61,"column":45}},"17":{"start":{"line":65,"column":21},"end":{"line":98,"column":1}},"18":{"start":{"line":71,"column":4},"end":{"line":97,"column":5}},"19":{"start":{"line":72,"column":26},"end":{"line":77,"column":9}},"20":{"start":{"line":78,"column":23},"end":{"line":78,"column":52}},"21":{"start":{"line":79,"column":8},"end":{"line":94,"column":9}},"22":{"start":{"line":80,"column":12},"end":{"line":80,"column":71}},"23":{"start":{"line":82,"column":33},"end":{"line":86,"column":13}},"24":{"start":{"line":88,"column":27},"end":{"line":88,"column":59}},"25":{"start":{"line":89,"column":12},"end":{"line":93,"column":13}},"26":{"start":{"line":90,"column":16},"end":{"line":90,"column":39}},"27":{"start":{"line":92,"column":16},"end":{"line":92,"column":57}},"28":{"start":{"line":96,"column":8},"end":{"line":96,"column":45}},"29":{"start":{"line":100,"column":19},"end":{"line":149,"column":1}},"30":{"start":{"line":106,"column":4},"end":{"line":108,"column":5}},"31":{"start":{"line":107,"column":8},"end":{"line":107,"column":52}},"32":{"start":{"line":110,"column":4},"end":{"line":148,"column":5}},"33":{"start":{"line":111,"column":27},"end":{"line":115,"column":9}},"34":{"start":{"line":116,"column":26},"end":{"line":116,"column":56}},"35":{"start":{"line":117,"column":8},"end":{"line":119,"column":9}},"36":{"start":{"line":118,"column":12},"end":{"line":118,"column":55}},"37":{"start":{"line":121,"column":25},"end":{"line":125,"column":9}},"38":{"start":{"line":126,"column":24},"end":{"line":126,"column":52}},"39":{"start":{"line":128,"column":12},"end":{"line":128,"column":66}},"40":{"start":{"line":130,"column":29},"end":{"line":135,"column":9}},"41":{"start":{"line":137,"column":23},"end":{"line":137,"column":55}},"42":{"start":{"line":138,"column":8},"end":{"line":145,"column":9}},"43":{"start":{"line":139,"column":12},"end":{"line":142,"column":40}},"44":{"start":{"line":144,"column":12},"end":{"line":144,"column":55}},"45":{"start":{"line":147,"column":8},"end":{"line":147,"column":45}},"46":{"start":{"line":151,"column":18},"end":{"line":180,"column":1}},"47":{"start":{"line":158,"column":4},"end":{"line":160,"column":5}},"48":{"start":{"line":159,"column":8},"end":{"line":159,"column":52}},"49":{"start":{"line":162,"column":4},"end":{"line":179,"column":5}},"50":{"start":{"line":163,"column":32},"end":{"line":168,"column":9}},"51":{"start":{"line":170,"column":23},"end":{"line":170,"column":58}},"52":{"start":{"line":172,"column":8},"end":{"line":176,"column":9}},"53":{"start":{"line":173,"column":12},"end":{"line":173,"column":35}},"54":{"start":{"line":175,"column":12},"end":{"line":175,"column":55}},"55":{"start":{"line":178,"column":8},"end":{"line":178,"column":45}},"56":{"start":{"line":182,"column":0},"end":{"line":182,"column":68}}},"fnMap":{"0":{"name":"(anonymous_0)","decl":{"start":{"line":4,"column":18},"end":{"line":4,"column":19}},"loc":{"start":{"line":9,"column":5},"end":{"line":63,"column":1}},"line":9},"1":{"name":"(anonymous_1)","decl":{"start":{"line":65,"column":21},"end":{"line":65,"column":22}},"loc":{"start":{"line":70,"column":5},"end":{"line":98,"column":1}},"line":70},"2":{"name":"(anonymous_2)","decl":{"start":{"line":100,"column":19},"end":{"line":100,"column":20}},"loc":{"start":{"line":105,"column":5},"end":{"line":149,"column":1}},"line":105},"3":{"name":"(anonymous_3)","decl":{"start":{"line":151,"column":18},"end":{"line":151,"column":19}},"loc":{"start":{"line":157,"column":5},"end":{"line":180,"column":1}},"line":157}},"branchMap":{"0":{"loc":{"start":{"line":12,"column":8},"end":{"line":49,"column":9}},"type":"if","locations":[{"start":{"line":12,"column":8},"end":{"line":49,"column":9}},{"start":{"line":12,"column":8},"end":{"line":49,"column":9}}],"line":12},"1":{"loc":{"start":{"line":20,"column":15},"end":{"line":49,"column":9}},"type":"if","locations":[{"start":{"line":20,"column":15},"end":{"line":49,"column":9}},{"start":{"line":20,"column":15},"end":{"line":49,"column":9}}],"line":20},"2":{"loc":{"start":{"line":28,"column":12},"end":{"line":30,"column":13}},"type":"if","locations":[{"start":{"line":28,"column":12},"end":{"line":30,"column":13}},{"start":{"line":28,"column":12},"end":{"line":30,"column":13}}],"line":28},"3":{"loc":{"start":{"line":52,"column":8},"end":{"line":59,"column":9}},"type":"if","locations":[{"start":{"line":52,"column":8},"end":{"line":59,"column":9}},{"start":{"line":52,"column":8},"end":{"line":59,"column":9}}],"line":52},"4":{"loc":{"start":{"line":52,"column":12},"end":{"line":52,"column":49}},"type":"binary-expr","locations":[{"start":{"line":52,"column":12},"end":{"line":52,"column":30}},{"start":{"line":52,"column":34},"end":{"line":52,"column":49}}],"line":52},"5":{"loc":{"start":{"line":79,"column":8},"end":{"line":94,"column":9}},"type":"if","locations":[{"start":{"line":79,"column":8},"end":{"line":94,"column":9}},{"start":{"line":79,"column":8},"end":{"line":94,"column":9}}],"line":79},"6":{"loc":{"start":{"line":89,"column":12},"end":{"line":93,"column":13}},"type":"if","locations":[{"start":{"line":89,"column":12},"end":{"line":93,"column":13}},{"start":{"line":89,"column":12},"end":{"line":93,"column":13}}],"line":89},"7":{"loc":{"start":{"line":106,"column":4},"end":{"line":108,"column":5}},"type":"if","locations":[{"start":{"line":106,"column":4},"end":{"line":108,"column":5}},{"start":{"line":106,"column":4},"end":{"line":108,"column":5}}],"line":106},"8":{"loc":{"start":{"line":117,"column":8},"end":{"line":119,"column":9}},"type":"if","locations":[{"start":{"line":117,"column":8},"end":{"line":119,"column":9}},{"start":{"line":117,"column":8},"end":{"line":119,"column":9}}],"line":117},"9":{"loc":{"start":{"line":128,"column":12},"end":{"line":128,"column":66}},"type":"cond-expr","locations":[{"start":{"line":128,"column":35},"end":{"line":128,"column":36}},{"start":{"line":128,"column":39},"end":{"line":128,"column":66}}],"line":128},"10":{"loc":{"start":{"line":138,"column":8},"end":{"line":145,"column":9}},"type":"if","locations":[{"start":{"line":138,"column":8},"end":{"line":145,"column":9}},{"start":{"line":138,"column":8},"end":{"line":145,"column":9}}],"line":138},"11":{"loc":{"start":{"line":158,"column":4},"end":{"line":160,"column":5}},"type":"if","locations":[{"start":{"line":158,"column":4},"end":{"line":160,"column":5}},{"start":{"line":158,"column":4},"end":{"line":160,"column":5}}],"line":158},"12":{"loc":{"start":{"line":172,"column":8},"end":{"line":176,"column":9}},"type":"if","locations":[{"start":{"line":172,"column":8},"end":{"line":176,"column":9}},{"start":{"line":172,"column":8},"end":{"line":176,"column":9}}],"line":172}},"s":{"0":1,"1":0,"2":0,"3":0,"4":0,"5":0,"6":0,"7":0,"8":0,"9":0,"10":0,"11":0,"12":0,"13":0,"14":0,"15":0,"16":0,"17":1,"18":3,"19":3,"20":3,"21":3,"22":1,"23":2,"24":2,"25":2,"26":1,"27":1,"28":0,"29":1,"30":0,"31":0,"32":0,"33":0,"34":0,"35":0,"36":0,"37":0,"38":0,"39":0,"40":0,"41":0,"42":0,"43":0,"44":0,"45":0,"46":1,"47":0,"48":0,"49":0,"50":0,"51":0,"52":0,"53":0,"54":0,"55":0,"56":1},"f":{"0":0,"1":3,"2":0,"3":0},"b":{"0":[0,0],"1":[0,0],"2":[0,0],"3":[0,0],"4":[0,0],"5":[1,2],"6":[1,1],"7":[0,0],"8":[0,0],"9":[0,0],"10":[0,0],"11":[0,0],"12":[0,0]},"_coverageSchema":"332fd63041d2c1bcb487cc26dd0d5f7d97098a6c","hash":"2b7131f1abbcaf96739a559e3ec0e63976b7bc8c"}
,"/home/fkereki/MODERNJS/chapter05/out/roundmath.js": {"path":"/home/fkereki/MODERNJS/chapter05/out/roundmath.js","statementMap":{"0":{"start":{"line":6,"column":21},"end":{"line":6,"column":69}},"1":{"start":{"line":6,"column":44},"end":{"line":6,"column":69}},"2":{"start":{"line":8,"column":19},"end":{"line":8,"column":44}},"3":{"start":{"line":8,"column":42},"end":{"line":8,"column":44}},"4":{"start":{"line":12,"column":13},"end":{"line":12,"column":66}},"5":{"start":{"line":12,"column":47},"end":{"line":12,"column":66}},"6":{"start":{"line":14,"column":13},"end":{"line":14,"column":69}},"7":{"start":{"line":14,"column":47},"end":{"line":14,"column":69}},"8":{"start":{"line":16,"column":14},"end":{"line":16,"column":67}},"9":{"start":{"line":16,"column":48},"end":{"line":16,"column":67}},"10":{"start":{"line":18,"column":13},"end":{"line":24,"column":1}},"11":{"start":{"line":19,"column":4},"end":{"line":23,"column":5}},"12":{"start":{"line":20,"column":8},"end":{"line":20,"column":51}},"13":{"start":{"line":22,"column":8},"end":{"line":22,"column":35}},"14":{"start":{"line":31,"column":0},"end":{"line":31,"column":20}},"15":{"start":{"line":32,"column":0},"end":{"line":32,"column":20}},"16":{"start":{"line":33,"column":0},"end":{"line":33,"column":22}},"17":{"start":{"line":34,"column":0},"end":{"line":34,"column":20}}},"fnMap":{"0":{"name":"(anonymous_0)","decl":{"start":{"line":6,"column":21},"end":{"line":6,"column":22}},"loc":{"start":{"line":6,"column":44},"end":{"line":6,"column":69}},"line":6},"1":{"name":"(anonymous_1)","decl":{"start":{"line":8,"column":19},"end":{"line":8,"column":20}},"loc":{"start":{"line":8,"column":42},"end":{"line":8,"column":44}},"line":8},"2":{"name":"(anonymous_2)","decl":{"start":{"line":12,"column":13},"end":{"line":12,"column":14}},"loc":{"start":{"line":12,"column":47},"end":{"line":12,"column":66}},"line":12},"3":{"name":"(anonymous_3)","decl":{"start":{"line":14,"column":13},"end":{"line":14,"column":14}},"loc":{"start":{"line":14,"column":47},"end":{"line":14,"column":69}},"line":14},"4":{"name":"(anonymous_4)","decl":{"start":{"line":16,"column":14},"end":{"line":16,"column":15}},"loc":{"start":{"line":16,"column":48},"end":{"line":16,"column":67}},"line":16},"5":{"name":"(anonymous_5)","decl":{"start":{"line":18,"column":13},"end":{"line":18,"column":14}},"loc":{"start":{"line":18,"column":47},"end":{"line":24,"column":1}},"line":18}},"branchMap":{"0":{"loc":{"start":{"line":19,"column":4},"end":{"line":23,"column":5}},"type":"if","locations":[{"start":{"line":19,"column":4},"end":{"line":23,"column":5}},{"start":{"line":19,"column":4},"end":{"line":23,"column":5}}],"line":19}},"s":{"0":1,"1":3,"2":1,"3":0,"4":1,"5":2,"6":1,"7":0,"8":1,"9":0,"10":1,"11":2,"12":1,"13":1,"14":1,"15":1,"16":1,"17":1},"f":{"0":3,"1":0,"2":2,"3":0,"4":0,"5":2},"b":{"0":[1,1]},"_coverageSchema":"332fd63041d2c1bcb487cc26dd0d5f7d97098a6c","hash":"b662d007403d887922b6ebf63c0b45adb106a688"}
,"/home/fkereki/MODERNJS/chapter05/out/validate_user.js": {"path":"/home/fkereki/MODERNJS/chapter05/out/validate_user.js","statementMap":{"0":{"start":{"line":11,"column":21},"end":{"line":23,"column":1}},"1":{"start":{"line":16,"column":4},"end":{"line":22,"column":5}},"2":{"start":{"line":17,"column":8},"end":{"line":17,"column":48}},"3":{"start":{"line":18,"column":11},"end":{"line":22,"column":5}},"4":{"start":{"line":19,"column":8},"end":{"line":19,"column":34}},"5":{"start":{"line":21,"column":8},"end":{"line":21,"column":41}},"6":{"start":{"line":25,"column":0},"end":{"line":25,"column":30}}},"fnMap":{"0":{"name":"(anonymous_0)","decl":{"start":{"line":11,"column":21},"end":{"line":11,"column":22}},"loc":{"start":{"line":15,"column":5},"end":{"line":23,"column":1}},"line":15}},"branchMap":{"0":{"loc":{"start":{"line":16,"column":4},"end":{"line":22,"column":5}},"type":"if","locations":[{"start":{"line":16,"column":4},"end":{"line":22,"column":5}},{"start":{"line":16,"column":4},"end":{"line":22,"column":5}}],"line":16},"1":{"loc":{"start":{"line":16,"column":8},"end":{"line":16,"column":30}},"type":"binary-expr","locations":[{"start":{"line":16,"column":8},"end":{"line":16,"column":17}},{"start":{"line":16,"column":21},"end":{"line":16,"column":30}}],"line":16},"2":{"loc":{"start":{"line":18,"column":11},"end":{"line":22,"column":5}},"type":"if","locations":[{"start":{"line":18,"column":11},"end":{"line":22,"column":5}},{"start":{"line":18,"column":11},"end":{"line":22,"column":5}}],"line":18},"3":{"loc":{"start":{"line":18,"column":15},"end":{"line":18,"column":68}},"type":"binary-expr","locations":[{"start":{"line":18,"column":15},"end":{"line":18,"column":37}},{"start":{"line":18,"column":41},"end":{"line":18,"column":68}}],"line":18}},"s":{"0":1,"1":3,"2":1,"3":2,"4":1,"5":1,"6":1},"f":{"0":3},"b":{"0":[1,2],"1":[3,2],"2":[1,1],"3":[2,2]},"_coverageSchema":"332fd63041d2c1bcb487cc26dd0d5f7d97098a6c","hash":"5196c1f5495a75da9d7e01fc6a1e48ca4cfd87b0"}
}
