TN:
SF:/home/fkereki/MODERNJS/chapter05/out/restful_regions.js
FN:4,(anonymous_0)
FN:65,(anonymous_1)
FN:100,(anonymous_2)
FN:151,(anonymous_3)
FNF:4
FNH:1
FNDA:0,(anonymous_0)
FNDA:3,(anonymous_1)
FNDA:0,(anonymous_2)
FNDA:0,(anonymous_3)
DA:4,1
DA:10,0
DA:11,0
DA:12,0
DA:13,0
DA:20,0
DA:21,0
DA:27,0
DA:28,0
DA:29,0
DA:32,0
DA:41,0
DA:51,0
DA:52,0
DA:53,0
DA:58,0
DA:61,0
DA:65,1
DA:71,3
DA:72,3
DA:78,3
DA:79,3
DA:80,1
DA:82,2
DA:88,2
DA:89,2
DA:90,1
DA:92,1
DA:96,0
DA:100,1
DA:106,0
DA:107,0
DA:110,0
DA:111,0
DA:116,0
DA:117,0
DA:118,0
DA:121,0
DA:126,0
DA:128,0
DA:130,0
DA:137,0
DA:138,0
DA:139,0
DA:144,0
DA:147,0
DA:151,1
DA:158,0
DA:159,0
DA:162,0
DA:163,0
DA:170,0
DA:172,0
DA:173,0
DA:175,0
DA:178,0
DA:182,1
LF:57
LH:15
BRDA:12,0,0,0
BRDA:12,0,1,0
BRDA:20,1,0,0
BRDA:20,1,1,0
BRDA:28,2,0,0
BRDA:28,2,1,0
BRDA:52,3,0,0
BRDA:52,3,1,0
BRDA:52,4,0,0
BRDA:52,4,1,0
BRDA:79,5,0,1
BRDA:79,5,1,2
BRDA:89,6,0,1
BRDA:89,6,1,1
BRDA:106,7,0,0
BRDA:106,7,1,0
BRDA:117,8,0,0
BRDA:117,8,1,0
BRDA:128,9,0,0
BRDA:128,9,1,0
BRDA:138,10,0,0
BRDA:138,10,1,0
BRDA:158,11,0,0
BRDA:158,11,1,0
BRDA:172,12,0,0
BRDA:172,12,1,0
BRF:26
BRH:4
end_of_record
TN:
SF:/home/fkereki/MODERNJS/chapter05/out/roundmath.js
FN:6,(anonymous_0)
FN:8,(anonymous_1)
FN:12,(anonymous_2)
FN:14,(anonymous_3)
FN:16,(anonymous_4)
FN:18,(anonymous_5)
FNF:6
FNH:3
FNDA:3,(anonymous_0)
FNDA:0,(anonymous_1)
FNDA:2,(anonymous_2)
FNDA:0,(anonymous_3)
FNDA:0,(anonymous_4)
FNDA:2,(anonymous_5)
DA:6,3
DA:8,1
DA:12,2
DA:14,1
DA:16,1
DA:18,1
DA:19,2
DA:20,1
DA:22,1
DA:31,1
DA:32,1
DA:33,1
DA:34,1
LF:13
LH:13
BRDA:19,0,0,1
BRDA:19,0,1,1
BRF:2
BRH:2
end_of_record
TN:
SF:/home/fkereki/MODERNJS/chapter05/out/validate_user.js
FN:11,(anonymous_0)
FNF:1
FNH:1
FNDA:3,(anonymous_0)
DA:11,1
DA:16,3
DA:17,1
DA:18,2
DA:19,1
DA:21,1
DA:25,1
LF:7
LH:7
BRDA:16,0,0,1
BRDA:16,0,1,2
BRDA:16,1,0,3
BRDA:16,1,1,2
BRDA:18,2,0,1
BRDA:18,2,1,1
BRDA:18,3,0,2
BRDA:18,3,1,2
BRF:8
BRH:8
end_of_record
